This file contains any messages produced by compilers while
running configure, to aid debugging if configure makes a mistake.

It was created by libenet configure 1.3.0, which was
generated by GNU Autoconf 2.69.  Invocation command line was

  $ ./configure 

## --------- ##
## Platform. ##
## --------- ##

hostname = isaac-p7
uname -m = x86_64
uname -r = 3.13.0-24-generic
uname -s = Linux
uname -v = #47-Ubuntu SMP Fri May 2 23:30:00 UTC 2014

/usr/bin/uname -p = unknown
/bin/uname -X     = unknown

/bin/arch              = unknown
/usr/bin/arch -k       = unknown
/usr/convex/getsysinfo = unknown
/usr/bin/hostinfo      = unknown
/bin/machine           = unknown
/usr/bin/oslevel       = unknown
/bin/universe          = unknown

PATH: /usr/local/sbin
PATH: /usr/local/bin
PATH: /usr/sbin
PATH: /usr/bin
PATH: /sbin
PATH: /bin
PATH: /usr/games
PATH: /usr/local/games


## ----------- ##
## Core tests. ##
## ----------- ##

configure:2275: checking for a BSD-compatible install
configure:2343: result: /usr/bin/install -c
configure:2354: checking whether build environment is sane
configure:2409: result: yes
configure:2560: checking for a thread-safe mkdir -p
configure:2599: result: /bin/mkdir -p
configure:2606: checking for gawk
configure:2622: found /usr/bin/gawk
configure:2633: result: gawk
configure:2644: checking whether make sets $(MAKE)
configure:2666: result: yes
configure:2695: checking whether make supports nested variables
configure:2712: result: yes
configure:2838: checking whether to enable maintainer-specific portions of Makefiles
configure:2847: result: yes
configure:2911: checking for gcc
configure:2927: found /usr/bin/gcc
configure:2938: result: gcc
configure:3167: checking for C compiler version
configure:3176: gcc --version >&5
gcc (Ubuntu 4.8.2-19ubuntu1) 4.8.2
Copyright (C) 2013 Free Software Foundation, Inc.
This is free software; see the source for copying conditions.  There is NO
warranty; not even for MERCHANTABILITY or FITNESS FOR A PARTICULAR PURPOSE.

configure:3187: $? = 0
configure:3176: gcc -v >&5
Using built-in specs.
COLLECT_GCC=gcc
COLLECT_LTO_WRAPPER=/usr/lib/gcc/x86_64-linux-gnu/4.8/lto-wrapper
Target: x86_64-linux-gnu
Configured with: ../src/configure -v --with-pkgversion='Ubuntu 4.8.2-19ubuntu1' --with-bugurl=file:///usr/share/doc/gcc-4.8/README.Bugs --enable-languages=c,c++,java,go,d,fortran,objc,obj-c++ --prefix=/usr --program-suffix=-4.8 --enable-shared --enable-linker-build-id --libexecdir=/usr/lib --without-included-gettext --enable-threads=posix --with-gxx-include-dir=/usr/include/c++/4.8 --libdir=/usr/lib --enable-nls --with-sysroot=/ --enable-clocale=gnu --enable-libstdcxx-debug --enable-libstdcxx-time=yes --enable-gnu-unique-object --disable-libmudflap --enable-plugin --with-system-zlib --disable-browser-plugin --enable-java-awt=gtk --enable-gtk-cairo --with-java-home=/usr/lib/jvm/java-1.5.0-gcj-4.8-amd64/jre --enable-java-home --with-jvm-root-dir=/usr/lib/jvm/java-1.5.0-gcj-4.8-amd64 --with-jvm-jar-dir=/usr/lib/jvm-exports/java-1.5.0-gcj-4.8-amd64 --with-arch-directory=amd64 --with-ecj-jar=/usr/share/java/eclipse-ecj.jar --enable-objc-gc --enable-multiarch --disable-werror --with-arch-32=i686 --with-abi=m64 --with-multilib-list=m32,m64,mx32 --with-tune=generic --enable-checking=release --build=x86_64-linux-gnu --host=x86_64-linux-gnu --target=x86_64-linux-gnu
Thread model: posix
gcc version 4.8.2 (Ubuntu 4.8.2-19ubuntu1) 
configure:3187: $? = 0
configure:3176: gcc -V >&5
gcc: error: unrecognized command line option '-V'
gcc: fatal error: no input files
compilation terminated.
configure:3187: $? = 4
configure:3176: gcc -qversion >&5
gcc: error: unrecognized command line option '-qversion'
gcc: fatal error: no input files
compilation terminated.
configure:3187: $? = 4
configure:3207: checking whether the C compiler works
configure:3229: gcc    conftest.c  >&5
configure:3233: $? = 0
configure:3281: result: yes
configure:3284: checking for C compiler default output file name
configure:3286: result: a.out
configure:3292: checking for suffix of executables
configure:3299: gcc -o conftest    conftest.c  >&5
configure:3303: $? = 0
configure:3325: result: 
configure:3347: checking whether we are cross compiling
configure:3355: gcc -o conftest    conftest.c  >&5
configure:3359: $? = 0
configure:3366: ./conftest
configure:3370: $? = 0
configure:3385: result: no
configure:3390: checking for suffix of object files
configure:3412: gcc -c   conftest.c >&5
configure:3416: $? = 0
configure:3437: result: o
configure:3441: checking whether we are using the GNU C compiler
configure:3460: gcc -c   conftest.c >&5
configure:3460: $? = 0
configure:3469: result: yes
configure:3478: checking whether gcc accepts -g
configure:3498: gcc -c -g  conftest.c >&5
configure:3498: $? = 0
configure:3539: result: yes
configure:3556: checking for gcc option to accept ISO C89
configure:3619: gcc  -c -g -O2  conftest.c >&5
configure:3619: $? = 0
configure:3632: result: none needed
configure:3657: checking whether gcc understands -c and -o together
configure:3679: gcc -c conftest.c -o conftest2.o
configure:3682: $? = 0
configure:3679: gcc -c conftest.c -o conftest2.o
configure:3682: $? = 0
configure:3694: result: yes
configure:3722: checking for style of include used by make
configure:3750: result: GNU
configure:3776: checking dependency style of gcc
configure:3887: result: gcc3
configure:3931: checking build system type
configure:3945: result: x86_64-unknown-linux-gnu
configure:3965: checking host system type
configure:3978: result: x86_64-unknown-linux-gnu
configure:4019: checking how to print strings
configure:4046: result: printf
configure:4067: checking for a sed that does not truncate output
configure:4131: result: /bin/sed
configure:4149: checking for grep that handles long lines and -e
configure:4207: result: /bin/grep
configure:4212: checking for egrep
configure:4274: result: /bin/grep -E
configure:4279: checking for fgrep
configure:4341: result: /bin/grep -F
configure:4376: checking for ld used by gcc
configure:4443: result: /usr/bin/ld
configure:4450: checking if the linker (/usr/bin/ld) is GNU ld
configure:4465: result: yes
configure:4477: checking for BSD- or MS-compatible name lister (nm)
configure:4526: result: /usr/bin/nm -B
configure:4656: checking the name lister (/usr/bin/nm -B) interface
configure:4663: gcc -c -g -O2  conftest.c >&5
configure:4666: /usr/bin/nm -B "conftest.o"
configure:4669: output
0000000000000000 B some_variable
configure:4676: result: BSD nm
configure:4679: checking whether ln -s works
configure:4683: result: yes
configure:4691: checking the maximum length of command line arguments
configure:4822: result: 3458764513820540925
configure:4839: checking whether the shell understands some XSI constructs
configure:4849: result: yes
configure:4853: checking whether the shell understands "+="
configure:4859: result: yes
configure:4894: checking how to convert x86_64-unknown-linux-gnu file names to x86_64-unknown-linux-gnu format
configure:4934: result: func_convert_file_noop
configure:4941: checking how to convert x86_64-unknown-linux-gnu file names to toolchain format
configure:4961: result: func_convert_file_noop
configure:4968: checking for /usr/bin/ld option to reload object files
configure:4975: result: -r
configure:5049: checking for objdump
configure:5065: found /usr/bin/objdump
configure:5076: result: objdump
configure:5108: checking how to recognize dependent libraries
configure:5306: result: pass_all
configure:5391: checking for dlltool
configure:5421: result: no
configure:5451: checking how to associate runtime and link libraries
configure:5478: result: printf %s\n
configure:5539: checking for ar
configure:5555: found /usr/bin/ar
configure:5566: result: ar
configure:5603: checking for archiver @FILE support
configure:5620: gcc -c -g -O2  conftest.c >&5
configure:5620: $? = 0
configure:5623: ar cru libconftest.a @conftest.lst >&5
configure:5626: $? = 0
configure:5631: ar cru libconftest.a @conftest.lst >&5
ar: conftest.o: No such file or directory
configure:5634: $? = 1
configure:5646: result: @
configure:5704: checking for strip
configure:5720: found /usr/bin/strip
configure:5731: result: strip
configure:5803: checking for ranlib
configure:5819: found /usr/bin/ranlib
configure:5830: result: ranlib
configure:5932: checking command to parse /usr/bin/nm -B output from gcc object
configure:6052: gcc -c -g -O2  conftest.c >&5
configure:6055: $? = 0
configure:6059: /usr/bin/nm -B conftest.o \| sed -n -e 's/^.*[ ]\([ABCDGIRSTW][ABCDGIRSTW]*\)[ ][ ]*\([_A-Za-z][_A-Za-z0-9]*\)$/\1 \2 \2/p' | sed '/ __gnu_lto/d' \> conftest.nm
configure:6062: $? = 0
configure:6128: gcc -o conftest -g -O2   conftest.c conftstm.o >&5
configure:6131: $? = 0
configure:6169: result: ok
configure:6206: checking for sysroot
configure:6236: result: no
configure:6313: gcc -c -g -O2  conftest.c >&5
configure:6316: $? = 0
configure:6505: checking for mt
configure:6521: found /bin/mt
configure:6532: result: mt
configure:6555: checking if mt is a manifest tool
configure:6561: mt '-?'
configure:6569: result: no
configure:7211: checking how to run the C preprocessor
configure:7242: gcc -E  conftest.c
configure:7242: $? = 0
configure:7256: gcc -E  conftest.c
conftest.c:11:28: fatal error: ac_nonexistent.h: No such file or directory
 #include <ac_nonexistent.h>
                            ^
compilation terminated.
configure:7256: $? = 1
configure: failed program was:
| /* confdefs.h */
| #define PACKAGE_NAME "libenet"
| #define PACKAGE_TARNAME "libenet"
| #define PACKAGE_VERSION "1.3.0"
| #define PACKAGE_STRING "libenet 1.3.0"
| #define PACKAGE_BUGREPORT ""
| #define PACKAGE_URL ""
| #define PACKAGE "libenet"
| #define VERSION "1.3.0"
| /* end confdefs.h.  */
| #include <ac_nonexistent.h>
configure:7281: result: gcc -E
configure:7301: gcc -E  conftest.c
configure:7301: $? = 0
configure:7315: gcc -E  conftest.c
conftest.c:11:28: fatal error: ac_nonexistent.h: No such file or directory
 #include <ac_nonexistent.h>
                            ^
compilation terminated.
configure:7315: $? = 1
configure: failed program was:
| /* confdefs.h */
| #define PACKAGE_NAME "libenet"
| #define PACKAGE_TARNAME "libenet"
| #define PACKAGE_VERSION "1.3.0"
| #define PACKAGE_STRING "libenet 1.3.0"
| #define PACKAGE_BUGREPORT ""
| #define PACKAGE_URL ""
| #define PACKAGE "libenet"
| #define VERSION "1.3.0"
| /* end confdefs.h.  */
| #include <ac_nonexistent.h>
configure:7344: checking for ANSI C header files
configure:7364: gcc -c -g -O2  conftest.c >&5
configure:7364: $? = 0
configure:7437: gcc -o conftest -g -O2   conftest.c  >&5
configure:7437: $? = 0
configure:7437: ./conftest
configure:7437: $? = 0
configure:7448: result: yes
configure:7461: checking for sys/types.h
configure:7461: gcc -c -g -O2  conftest.c >&5
configure:7461: $? = 0
configure:7461: result: yes
configure:7461: checking for sys/stat.h
configure:7461: gcc -c -g -O2  conftest.c >&5
configure:7461: $? = 0
configure:7461: result: yes
configure:7461: checking for stdlib.h
configure:7461: gcc -c -g -O2  conftest.c >&5
configure:7461: $? = 0
configure:7461: result: yes
configure:7461: checking for string.h
configure:7461: gcc -c -g -O2  conftest.c >&5
configure:7461: $? = 0
configure:7461: result: yes
configure:7461: checking for memory.h
configure:7461: gcc -c -g -O2  conftest.c >&5
configure:7461: $? = 0
configure:7461: result: yes
configure:7461: checking for strings.h
configure:7461: gcc -c -g -O2  conftest.c >&5
configure:7461: $? = 0
configure:7461: result: yes
configure:7461: checking for inttypes.h
configure:7461: gcc -c -g -O2  conftest.c >&5
configure:7461: $? = 0
configure:7461: result: yes
configure:7461: checking for stdint.h
configure:7461: gcc -c -g -O2  conftest.c >&5
configure:7461: $? = 0
configure:7461: result: yes
configure:7461: checking for unistd.h
configure:7461: gcc -c -g -O2  conftest.c >&5
configure:7461: $? = 0
configure:7461: result: yes
configure:7475: checking for dlfcn.h
configure:7475: gcc -c -g -O2  conftest.c >&5
configure:7475: $? = 0
configure:7475: result: yes
configure:7681: checking for objdir
configure:7696: result: .libs
configure:7967: checking if gcc supports -fno-rtti -fno-exceptions
configure:7985: gcc -c -g -O2  -fno-rtti -fno-exceptions conftest.c >&5
cc1: warning: command line option '-fno-rtti' is valid for C++/ObjC++ but not for C [enabled by default]
configure:7989: $? = 0
configure:8002: result: no
configure:8329: checking for gcc option to produce PIC
configure:8336: result: -fPIC -DPIC
configure:8344: checking if gcc PIC flag -fPIC -DPIC works
configure:8362: gcc -c -g -O2  -fPIC -DPIC -DPIC conftest.c >&5
configure:8366: $? = 0
configure:8379: result: yes
configure:8408: checking if gcc static flag -static works
configure:8436: result: yes
configure:8451: checking if gcc supports -c -o file.o
configure:8472: gcc -c -g -O2  -o out/conftest2.o conftest.c >&5
configure:8476: $? = 0
configure:8498: result: yes
configure:8506: checking if gcc supports -c -o file.o
configure:8553: result: yes
configure:8586: checking whether the gcc linker (/usr/bin/ld -m elf_x86_64) supports shared libraries
configure:9743: result: yes
configure:9780: checking whether -lc should be explicitly linked in
configure:9788: gcc -c -g -O2  conftest.c >&5
configure:9791: $? = 0
configure:9806: gcc -shared  -fPIC -DPIC conftest.o  -v -Wl,-soname -Wl,conftest -o conftest 2\>\&1 \| /bin/grep  -lc  \>/dev/null 2\>\&1
configure:9809: $? = 0
configure:9823: result: no
configure:9983: checking dynamic linker characteristics
configure:10483: gcc -o conftest -g -O2   -Wl,-rpath -Wl,/foo conftest.c  >&5
configure:10483: $? = 0
configure:10717: result: GNU/Linux ld.so
configure:10824: checking how to hardcode library paths into programs
configure:10849: result: immediate
configure:11389: checking whether stripping libraries is possible
configure:11394: result: yes
configure:11429: checking if libtool supports shared libraries
configure:11431: result: yes
configure:11434: checking whether to build shared libraries
configure:11455: result: yes
configure:11458: checking whether to build static libraries
configure:11462: result: yes
configure:11500: checking for gethostbyaddr_r
configure:11500: gcc -o conftest -g -O2   conftest.c  >&5
configure:11500: $? = 0
configure:11500: result: yes
configure:11506: checking for gethostbyname_r
configure:11506: gcc -o conftest -g -O2   conftest.c  >&5
configure:11506: $? = 0
configure:11506: result: yes
configure:11512: checking for poll
configure:11512: gcc -o conftest -g -O2   conftest.c  >&5
configure:11512: $? = 0
configure:11512: result: yes
configure:11518: checking for fcntl
configure:11518: gcc -o conftest -g -O2   conftest.c  >&5
configure:11518: $? = 0
configure:11518: result: yes
configure:11524: checking for inet_pton
configure:11524: gcc -o conftest -g -O2   conftest.c  >&5
configure:11524: $? = 0
configure:11524: result: yes
configure:11530: checking for inet_ntop
configure:11530: gcc -o conftest -g -O2   conftest.c  >&5
configure:11530: $? = 0
configure:11530: result: yes
configure:11537: checking for struct msghdr.msg_flags
configure:11537: gcc -c -g -O2  conftest.c >&5
configure:11537: $? = 0
configure:11537: result: yes
configure:11545: checking for socklen_t
configure:11545: gcc -c -g -O2  conftest.c >&5
configure:11545: $? = 0
configure:11545: gcc -c -g -O2  conftest.c >&5
conftest.c: In function 'main':
conftest.c:37:24: error: expected expression before ')' token
 if (sizeof ((socklen_t)))
                        ^
configure:11545: $? = 1
configure: failed program was:
| /* confdefs.h */
| #define PACKAGE_NAME "libenet"
| #define PACKAGE_TARNAME "libenet"
| #define PACKAGE_VERSION "1.3.0"
| #define PACKAGE_STRING "libenet 1.3.0"
| #define PACKAGE_BUGREPORT ""
| #define PACKAGE_URL ""
| #define PACKAGE "libenet"
| #define VERSION "1.3.0"
| #define STDC_HEADERS 1
| #define HAVE_SYS_TYPES_H 1
| #define HAVE_SYS_STAT_H 1
| #define HAVE_STDLIB_H 1
| #define HAVE_STRING_H 1
| #define HAVE_MEMORY_H 1
| #define HAVE_STRINGS_H 1
| #define HAVE_INTTYPES_H 1
| #define HAVE_STDINT_H 1
| #define HAVE_UNISTD_H 1
| #define HAVE_DLFCN_H 1
| #define LT_OBJDIR ".libs/"
| #define HAS_GETHOSTBYADDR_R 1
| #define HAS_GETHOSTBYNAME_R 1
| #define HAS_POLL 1
| #define HAS_FCNTL 1
| #define HAS_INET_PTON 1
| #define HAS_INET_NTOP 1
| #define HAS_MSGHDR_FLAGS 1
| /* end confdefs.h.  */
| #include <sys/types.h>
|               #include <sys/socket.h>
| 
| 
| int
| main ()
| {
| if (sizeof ((socklen_t)))
| 	    return 0;
|   ;
|   return 0;
| }
configure:11545: result: yes
conftest.c:31:37: fatal error: /usr/include/sys/socket.h: No such file or directory
 #include </usr/include/sys/socket.h>
                                     ^
compilation terminated.
conftest.c:31:20: fatal error: socket.h: No such file or directory
 #include <socket.h>
                    ^
compilation terminated.
configure:11727: checking that generated files are newer than configure
configure:11733: result: done
configure:11760: creating ./config.status

## ---------------------- ##
## Running config.status. ##
## ---------------------- ##

This file was extended by libenet config.status 1.3.0, which was
generated by GNU Autoconf 2.69.  Invocation command line was

  CONFIG_FILES    = 
  CONFIG_HEADERS  = 
  CONFIG_LINKS    = 
  CONFIG_COMMANDS = 
  $ ./config.status 

on isaac-p7

config.status:1007: creating Makefile
config.status:1007: creating libenet.pc
config.status:1179: executing depfiles commands
config.status:1179: executing libtool commands

## ---------------- ##
## Cache variables. ##
## ---------------- ##

ac_cv_build=x86_64-unknown-linux-gnu
ac_cv_c_compiler_gnu=yes
ac_cv_env_CC_set=
ac_cv_env_CC_value=
ac_cv_env_CFLAGS_set=
ac_cv_env_CFLAGS_value=
ac_cv_env_CPPFLAGS_set=
ac_cv_env_CPPFLAGS_value=
ac_cv_env_CPP_set=
ac_cv_env_CPP_value=
ac_cv_env_LDFLAGS_set=
ac_cv_env_LDFLAGS_value=
ac_cv_env_LIBS_set=
ac_cv_env_LIBS_value=
ac_cv_env_build_alias_set=
ac_cv_env_build_alias_value=
ac_cv_env_host_alias_set=
ac_cv_env_host_alias_value=
ac_cv_env_target_alias_set=
ac_cv_env_target_alias_value=
ac_cv_func_fcntl=yes
ac_cv_func_gethostbyaddr_r=yes
ac_cv_func_gethostbyname_r=yes
ac_cv_func_inet_ntop=yes
ac_cv_func_inet_pton=yes
ac_cv_func_poll=yes
ac_cv_header_dlfcn_h=yes
ac_cv_header_inttypes_h=yes
ac_cv_header_memory_h=yes
ac_cv_header_stdc=yes
ac_cv_header_stdint_h=yes
ac_cv_header_stdlib_h=yes
ac_cv_header_string_h=yes
ac_cv_header_strings_h=yes
ac_cv_header_sys_stat_h=yes
ac_cv_header_sys_types_h=yes
ac_cv_header_unistd_h=yes
ac_cv_host=x86_64-unknown-linux-gnu
ac_cv_member_struct_msghdr_msg_flags=yes
ac_cv_objext=o
ac_cv_path_EGREP='/bin/grep -E'
ac_cv_path_FGREP='/bin/grep -F'
ac_cv_path_GREP=/bin/grep
ac_cv_path_SED=/bin/sed
ac_cv_path_install='/usr/bin/install -c'
ac_cv_path_mkdir=/bin/mkdir
ac_cv_prog_AWK=gawk
ac_cv_prog_CPP='gcc -E'
ac_cv_prog_ac_ct_AR=ar
ac_cv_prog_ac_ct_CC=gcc
ac_cv_prog_ac_ct_MANIFEST_TOOL=mt
ac_cv_prog_ac_ct_OBJDUMP=objdump
ac_cv_prog_ac_ct_RANLIB=ranlib
ac_cv_prog_ac_ct_STRIP=strip
ac_cv_prog_cc_c89=
ac_cv_prog_cc_g=yes
ac_cv_prog_make_make_set=yes
ac_cv_type_socklen_t=yes
am_cv_CC_dependencies_compiler_type=gcc3
am_cv_make_support_nested_variables=yes
am_cv_prog_cc_c_o=yes
lt_cv_ar_at_file=@
lt_cv_archive_cmds_need_lc=no
lt_cv_deplibs_check_method=pass_all
lt_cv_file_magic_cmd='$MAGIC_CMD'
lt_cv_file_magic_test_file=
lt_cv_ld_reload_flag=-r
lt_cv_nm_interface='BSD nm'
lt_cv_objdir=.libs
lt_cv_path_LD=/usr/bin/ld
lt_cv_path_NM='/usr/bin/nm -B'
lt_cv_path_mainfest_tool=no
lt_cv_prog_compiler_c_o=yes
lt_cv_prog_compiler_pic='-fPIC -DPIC'
lt_cv_prog_compiler_pic_works=yes
lt_cv_prog_compiler_rtti_exceptions=no
lt_cv_prog_compiler_static_works=yes
lt_cv_prog_gnu_ld=yes
lt_cv_sharedlib_from_linklib_cmd='printf %s\n'
lt_cv_shlibpath_overrides_runpath=no
lt_cv_sys_global_symbol_pipe='sed -n -e '\''s/^.*[	 ]\([ABCDGIRSTW][ABCDGIRSTW]*\)[	 ][	 ]*\([_A-Za-z][_A-Za-z0-9]*\)$/\1 \2 \2/p'\'' | sed '\''/ __gnu_lto/d'\'''
lt_cv_sys_global_symbol_to_c_name_address='sed -n -e '\''s/^: \([^ ]*\)[ ]*$/  {\"\1\", (void *) 0},/p'\'' -e '\''s/^[ABCDGIRSTW]* \([^ ]*\) \([^ ]*\)$/  {"\2", (void *) \&\2},/p'\'''
lt_cv_sys_global_symbol_to_c_name_address_lib_prefix='sed -n -e '\''s/^: \([^ ]*\)[ ]*$/  {\"\1\", (void *) 0},/p'\'' -e '\''s/^[ABCDGIRSTW]* \([^ ]*\) \(lib[^ ]*\)$/  {"\2", (void *) \&\2},/p'\'' -e '\''s/^[ABCDGIRSTW]* \([^ ]*\) \([^ ]*\)$/  {"lib\2", (void *) \&\2},/p'\'''
lt_cv_sys_global_symbol_to_cdecl='sed -n -e '\''s/^T .* \(.*\)$/extern int \1();/p'\'' -e '\''s/^[ABCDGIRSTW]* .* \(.*\)$/extern char \1;/p'\'''
lt_cv_sys_max_cmd_len=3458764513820540925
lt_cv_to_host_file_cmd=func_convert_file_noop
lt_cv_to_tool_file_cmd=func_convert_file_noop

## ----------------- ##
## Output variables. ##
## ----------------- ##

ACLOCAL='${SHELL} /home/isaac/sauerbraten/SauerEnhanced/source/enet/missing aclocal-1.14'
AMDEPBACKSLASH='\'
AMDEP_FALSE='#'
AMDEP_TRUE=''
AMTAR='$${TAR-tar}'
AM_BACKSLASH='\'
AM_DEFAULT_V='$(AM_DEFAULT_VERBOSITY)'
AM_DEFAULT_VERBOSITY='1'
AM_V='$(V)'
AR='ar'
AUTOCONF='${SHELL} /home/isaac/sauerbraten/SauerEnhanced/source/enet/missing autoconf'
AUTOHEADER='${SHELL} /home/isaac/sauerbraten/SauerEnhanced/source/enet/missing autoheader'
AUTOMAKE='${SHELL} /home/isaac/sauerbraten/SauerEnhanced/source/enet/missing automake-1.14'
AWK='gawk'
CC='gcc'
CCDEPMODE='depmode=gcc3'
CFLAGS='-g -O2'
CPP='gcc -E'
CPPFLAGS=''
CYGPATH_W='echo'
DEFS='-DPACKAGE_NAME=\"libenet\" -DPACKAGE_TARNAME=\"libenet\" -DPACKAGE_VERSION=\"1.3.0\" -DPACKAGE_STRING=\"libenet\ 1.3.0\" -DPACKAGE_BUGREPORT=\"\" -DPACKAGE_URL=\"\" -DPACKAGE=\"libenet\" -DVERSION=\"1.3.0\" -DSTDC_HEADERS=1 -DHAVE_SYS_TYPES_H=1 -DHAVE_SYS_STAT_H=1 -DHAVE_STDLIB_H=1 -DHAVE_STRING_H=1 -DHAVE_MEMORY_H=1 -DHAVE_STRINGS_H=1 -DHAVE_INTTYPES_H=1 -DHAVE_STDINT_H=1 -DHAVE_UNISTD_H=1 -DHAVE_DLFCN_H=1 -DLT_OBJDIR=\".libs/\" -DHAS_GETHOSTBYADDR_R=1 -DHAS_GETHOSTBYNAME_R=1 -DHAS_POLL=1 -DHAS_FCNTL=1 -DHAS_INET_PTON=1 -DHAS_INET_NTOP=1 -DHAS_MSGHDR_FLAGS=1 -DHAS_SOCKLEN_T=1'
DEPDIR='.deps'
DLLTOOL='false'
DSYMUTIL=''
DUMPBIN=''
ECHO_C=''
ECHO_N='-n'
ECHO_T=''
EGREP='/bin/grep -E'
EXEEXT=''
FGREP='/bin/grep -F'
GREP='/bin/grep'
INSTALL_DATA='${INSTALL} -m 644'
INSTALL_PROGRAM='${INSTALL}'
INSTALL_SCRIPT='${INSTALL}'
INSTALL_STRIP_PROGRAM='$(install_sh) -c -s'
LD='/usr/bin/ld -m elf_x86_64'
LDFLAGS=''
LIBOBJS=''
LIBS=''
LIBTOOL='$(SHELL) $(top_builddir)/libtool'
LIPO=''
LN_S='ln -s'
LTLIBOBJS=''
MAINT=''
MAINTAINER_MODE_FALSE='#'
MAINTAINER_MODE_TRUE=''
MAKEINFO='${SHELL} /home/isaac/sauerbraten/SauerEnhanced/source/enet/missing makeinfo'
MANIFEST_TOOL=':'
MKDIR_P='/bin/mkdir -p'
NM='/usr/bin/nm -B'
NMEDIT=''
OBJDUMP='objdump'
OBJEXT='o'
OTOOL64=''
OTOOL=''
PACKAGE='libenet'
PACKAGE_BUGREPORT=''
PACKAGE_NAME='libenet'
PACKAGE_STRING='libenet 1.3.0'
PACKAGE_TARNAME='libenet'
PACKAGE_URL=''
PACKAGE_VERSION='1.3.0'
PATH_SEPARATOR=':'
RANLIB='ranlib'
SED='/bin/sed'
SET_MAKE=''
SHELL='/bin/bash'
STRIP='strip'
VERSION='1.3.0'
ac_ct_AR='ar'
ac_ct_CC='gcc'
ac_ct_DUMPBIN=''
am__EXEEXT_FALSE=''
am__EXEEXT_TRUE='#'
am__fastdepCC_FALSE='#'
am__fastdepCC_TRUE=''
am__include='include'
am__isrc=''
am__leading_dot='.'
am__nodep='_no'
am__quote=''
am__tar='$${TAR-tar} chof - "$$tardir"'
am__untar='$${TAR-tar} xf -'
bindir='${exec_prefix}/bin'
build='x86_64-unknown-linux-gnu'
build_alias=''
build_cpu='x86_64'
build_os='linux-gnu'
build_vendor='unknown'
datadir='${datarootdir}'
datarootdir='${prefix}/share'
docdir='${datarootdir}/doc/${PACKAGE_TARNAME}'
dvidir='${docdir}'
exec_prefix='${prefix}'
host='x86_64-unknown-linux-gnu'
host_alias=''
host_cpu='x86_64'
host_os='linux-gnu'
host_vendor='unknown'
htmldir='${docdir}'
includedir='${prefix}/include'
infodir='${datarootdir}/info'
install_sh='${SHELL} /home/isaac/sauerbraten/SauerEnhanced/source/enet/install-sh'
libdir='${exec_prefix}/lib'
libexecdir='${exec_prefix}/libexec'
localedir='${datarootdir}/locale'
localstatedir='${prefix}/var'
mandir='${datarootdir}/man'
mkdir_p='$(MKDIR_P)'
oldincludedir='/usr/include'
pdfdir='${docdir}'
prefix='/usr/local'
program_transform_name='s,x,x,'
psdir='${docdir}'
sbindir='${exec_prefix}/sbin'
sharedstatedir='${prefix}/com'
sysconfdir='${prefix}/etc'
target_alias=''

## ----------- ##
## confdefs.h. ##
## ----------- ##

/* confdefs.h */
#define PACKAGE_NAME "libenet"
#define PACKAGE_TARNAME "libenet"
#define PACKAGE_VERSION "1.3.0"
#define PACKAGE_STRING "libenet 1.3.0"
#define PACKAGE_BUGREPORT ""
#define PACKAGE_URL ""
#define PACKAGE "libenet"
#define VERSION "1.3.0"
#define STDC_HEADERS 1
#define HAVE_SYS_TYPES_H 1
#define HAVE_SYS_STAT_H 1
#define HAVE_STDLIB_H 1
#define HAVE_STRING_H 1
#define HAVE_MEMORY_H 1
#define HAVE_STRINGS_H 1
#define HAVE_INTTYPES_H 1
#define HAVE_STDINT_H 1
#define HAVE_UNISTD_H 1
#define HAVE_DLFCN_H 1
#define LT_OBJDIR ".libs/"
#define HAS_GETHOSTBYADDR_R 1
#define HAS_GETHOSTBYNAME_R 1
#define HAS_POLL 1
#define HAS_FCNTL 1
#define HAS_INET_PTON 1
#define HAS_INET_NTOP 1
#define HAS_MSGHDR_FLAGS 1
#define HAS_SOCKLEN_T 1

configure: exit 0
