c:\users\maciej\ac2-cube2\sauerenhanced\source\vcpp\release\engine.pch
c:\users\maciej\ac2-cube2\sauerenhanced\source\vcpp\release\pch1.obj
c:\users\maciej\ac2-cube2\sauerenhanced\source\vcpp\release\cube.pch
c:\users\maciej\ac2-cube2\sauerenhanced\source\vcpp\release\pch.obj
c:\users\maciej\ac2-cube2\sauerenhanced\source\vcpp\release\octaedit.obj
c:\users\maciej\ac2-cube2\sauerenhanced\source\vcpp\release\octa.obj
c:\users\maciej\ac2-cube2\sauerenhanced\source\vcpp\release\normal.obj
c:\users\maciej\ac2-cube2\sauerenhanced\source\vcpp\release\movie.obj
c:\users\maciej\ac2-cube2\sauerenhanced\source\vcpp\release\menus.obj
c:\users\maciej\ac2-cube2\sauerenhanced\source\vcpp\release\material.obj
c:\users\maciej\ac2-cube2\sauerenhanced\source\vcpp\release\main.obj
c:\users\maciej\ac2-cube2\sauerenhanced\source\vcpp\release\lightmap.obj
c:\users\maciej\ac2-cube2\sauerenhanced\source\vcpp\release\grass.obj
c:\users\maciej\ac2-cube2\sauerenhanced\source\vcpp\release\glare.obj
c:\users\maciej\ac2-cube2\sauerenhanced\source\vcpp\release\dynlight.obj
c:\users\maciej\ac2-cube2\sauerenhanced\source\vcpp\release\decal.obj
c:\users\maciej\ac2-cube2\sauerenhanced\source\vcpp\release\cubeloader.obj
c:\users\maciej\ac2-cube2\sauerenhanced\source\vcpp\release\console.obj
c:\users\maciej\ac2-cube2\sauerenhanced\source\vcpp\release\command.obj
c:\users\maciej\ac2-cube2\sauerenhanced\source\vcpp\release\client.obj
c:\users\maciej\ac2-cube2\sauerenhanced\source\vcpp\release\blob.obj
c:\users\maciej\ac2-cube2\sauerenhanced\source\vcpp\release\blend.obj
c:\users\maciej\ac2-cube2\sauerenhanced\source\vcpp\release\bih.obj
c:\users\maciej\ac2-cube2\sauerenhanced\source\vcpp\release\3dgui.obj
c:\users\maciej\ac2-cube2\sauerenhanced\source\vcpp\release\worldio.obj
c:\users\maciej\ac2-cube2\sauerenhanced\source\vcpp\release\world.obj
c:\users\maciej\ac2-cube2\sauerenhanced\source\vcpp\release\water.obj
c:\users\maciej\ac2-cube2\sauerenhanced\source\vcpp\release\texture.obj
c:\users\maciej\ac2-cube2\sauerenhanced\source\vcpp\release\sound.obj
c:\users\maciej\ac2-cube2\sauerenhanced\source\vcpp\release\shadowmap.obj
c:\users\maciej\ac2-cube2\sauerenhanced\source\vcpp\release\shader.obj
c:\users\maciej\ac2-cube2\sauerenhanced\source\vcpp\release\serverbrowser.obj
c:\users\maciej\ac2-cube2\sauerenhanced\source\vcpp\release\server.obj
c:\users\maciej\ac2-cube2\sauerenhanced\source\vcpp\release\renderva.obj
c:\users\maciej\ac2-cube2\sauerenhanced\source\vcpp\release\rendertext.obj
c:\users\maciej\ac2-cube2\sauerenhanced\source\vcpp\release\rendersky.obj
c:\users\maciej\ac2-cube2\sauerenhanced\source\vcpp\release\renderparticles.obj
c:\users\maciej\ac2-cube2\sauerenhanced\source\vcpp\release\rendermodel.obj
c:\users\maciej\ac2-cube2\sauerenhanced\source\vcpp\release\rendergl.obj
c:\users\maciej\ac2-cube2\sauerenhanced\source\vcpp\release\pvs.obj
c:\users\maciej\ac2-cube2\sauerenhanced\source\vcpp\release\physics.obj
c:\users\maciej\ac2-cube2\sauerenhanced\source\vcpp\release\octarender.obj
c:\users\maciej\ac2-cube2\sauerenhanced\source\vcpp\release\zip.obj
c:\users\maciej\ac2-cube2\sauerenhanced\source\vcpp\release\tools.obj
c:\users\maciej\ac2-cube2\sauerenhanced\source\vcpp\release\stream.obj
c:\users\maciej\ac2-cube2\sauerenhanced\source\vcpp\release\geom.obj
c:\users\maciej\ac2-cube2\sauerenhanced\source\vcpp\release\crypto.obj
c:\users\maciej\ac2-cube2\sauerenhanced\source\vcpp\release\sdl_win32_main.obj
c:\users\maciej\ac2-cube2\sauerenhanced\source\vcpp\release\game.pch
c:\users\maciej\ac2-cube2\sauerenhanced\source\vcpp\release\pch2.obj
c:\users\maciej\ac2-cube2\sauerenhanced\source\vcpp\release\weapon.obj
c:\users\maciej\ac2-cube2\sauerenhanced\source\vcpp\release\waypoint.obj
c:\users\maciej\ac2-cube2\sauerenhanced\source\vcpp\release\scoreboard.obj
c:\users\maciej\ac2-cube2\sauerenhanced\source\vcpp\release\render.obj
c:\users\maciej\ac2-cube2\sauerenhanced\source\vcpp\release\movable.obj
c:\users\maciej\ac2-cube2\sauerenhanced\source\vcpp\release\monster.obj
c:\users\maciej\ac2-cube2\sauerenhanced\source\vcpp\release\fps.obj
c:\users\maciej\ac2-cube2\sauerenhanced\source\vcpp\release\entities.obj
c:\users\maciej\ac2-cube2\sauerenhanced\source\vcpp\release\ai.obj
c:\users\maciej\ac2-cube2\sauerenhanced\source\vcpp\release\client1.obj
c:\users\maciej\ac2-cube2\sauerenhanced\source\vcpp\release\server1.obj
c:\users\maciej\ac2-cube2\bin\se.exe
c:\users\maciej\ac2-cube2\sauerenhanced\source\vcpp\release\sauerbraten.iobj
c:\users\maciej\ac2-cube2\sauerenhanced\source\vcpp\release\cube.map
c:\users\maciej\ac2-cube2\sauerenhanced\source\vcpp\release\sauerbraten.pdb
c:\users\maciej\ac2-cube2\sauerenhanced\source\vcpp\release\sauerbraten.res
c:\users\maciej\ac2-cube2\sauerenhanced\source\vcpp\release\sauerbraten.tlog\cl.command.1.tlog
c:\users\maciej\ac2-cube2\sauerenhanced\source\vcpp\release\sauerbraten.tlog\cl.read.1.tlog
c:\users\maciej\ac2-cube2\sauerenhanced\source\vcpp\release\sauerbraten.tlog\cl.write.1.tlog
c:\users\maciej\ac2-cube2\sauerenhanced\source\vcpp\release\sauerbraten.tlog\link.command.1.tlog
c:\users\maciej\ac2-cube2\sauerenhanced\source\vcpp\release\sauerbraten.tlog\link.read.1.tlog
c:\users\maciej\ac2-cube2\sauerenhanced\source\vcpp\release\sauerbraten.tlog\link.write.1.tlog
c:\users\maciej\ac2-cube2\sauerenhanced\source\vcpp\release\sauerbraten.tlog\rc.command.1.tlog
c:\users\maciej\ac2-cube2\sauerenhanced\source\vcpp\release\sauerbraten.tlog\rc.read.1.tlog
c:\users\maciej\ac2-cube2\sauerenhanced\source\vcpp\release\sauerbraten.tlog\rc.write.1.tlog
c:\users\maciej\ac2-cube2\sauerenhanced\source\vcpp\release\sauerbraten.tlog\sauerbraten.write.1u.tlog
