*** Starting master server on localhost 28787 at Mon Mar  9 13:31:01 2015 ***
reloading master.cfg
could not read "master.cfg"
*** Starting master server on localhost 28787 at Mon Mar  9 14:31:02 2015 ***
reloading master.cfg
could not read "master.cfg"
*** Starting master server on localhost 28787 at Mon Mar  9 20:58:45 2015 ***
reloading master.cfg
could not read "master.cfg"
*** Starting master server on localhost 28787 at Sat Mar 14 20:51:04 2015 ***
reloading master.cfg
could not read "master.cfg"
*** Starting master server on localhost 28787 at Sun Mar 15 20:34:12 2015 ***
reloading master.cfg
could not read "master.cfg"
*** Starting master server on localhost 28787 at Sun Mar 15 20:37:14 2015 ***
reloading master.cfg
could not read "master.cfg"
*** Starting master server on localhost 28787 at Wed Mar 18 11:27:37 2015 ***
reloading master.cfg
could not read "master.cfg"
*** Starting master server on localhost 28787 at Wed Mar 18 13:36:45 2015 ***
reloading master.cfg
could not read "master.cfg"
*** Starting master server on localhost 28787 at Wed Mar 18 16:50:55 2015 ***
reloading master.cfg
could not read "master.cfg"
*** Starting master server on localhost 28787 at Wed Mar 18 17:50:57 2015 ***
reloading master.cfg
could not read "master.cfg"
*** Starting master server on localhost 28787 at Wed Mar 18 17:55:16 2015 ***
reloading master.cfg
could not read "master.cfg"
*** Starting master server on localhost 28787 at Wed Mar 18 18:06:41 2015 ***
reloading master.cfg
could not read "master.cfg"
*** Starting master server on localhost 28787 at Wed Mar 18 18:07:09 2015 ***
reloading master.cfg
could not read "master.cfg"
*** Starting master server on localhost 28787 at Wed Mar 18 18:08:32 2015 ***
reloading master.cfg
could not read "master.cfg"
*** Starting master server on localhost 28787 at Wed Mar 18 18:15:28 2015 ***
reloading master.cfg
could not read "master.cfg"
*** Starting master server on localhost 28787 at Wed Mar 18 19:19:13 2015 ***
reloading master.cfg
could not read "master.cfg"
*** Starting master server on localhost 28787 at Sat Mar 21 19:19:50 2015 ***
reloading master.cfg
could not read "master.cfg"
*** Starting master server on localhost 28787 at Sun Mar 22 13:07:46 2015 ***
reloading master.cfg
could not read "master.cfg"
*** Starting master server on localhost 28787 at Sat Apr 11 10:51:49 2015 ***
reloading master.cfg
could not read "master.cfg"
*** Starting master server on localhost 28787 at Sat Apr 11 14:05:03 2015 ***
reloading master.cfg
could not read "master.cfg"
*** Starting master server on localhost 28787 at Sat Apr 11 14:12:49 2015 ***
reloading master.cfg
could not read "master.cfg"
*** Starting master server on localhost 28787 at Sat May 23 09:26:00 2015 ***
reloading master.cfg
could not read "master.cfg"
*** Starting master server on localhost 28787 at Thu May 28 11:04:31 2015 ***
reloading master.cfg
could not read "master.cfg"
*** Starting master server on localhost 28787 at Tue Jun  2 20:31:37 2015 ***
reloading master.cfg
could not read "master.cfg"
*** Starting master server on localhost 28787 at Thu Jun 11 18:46:45 2015 ***
reloading master.cfg
could not read "master.cfg"
*** Starting master server on localhost 28787 at Sun Jun 14 10:28:50 2015 ***
reloading master.cfg
could not read "master.cfg"
*** Starting master server on localhost 28787 at Wed Jun 17 09:17:19 2015 ***
reloading master.cfg
could not read "master.cfg"
*** Starting master server on localhost 28787 at Wed Jun 17 20:18:49 2015 ***
reloading master.cfg
could not read "master.cfg"
*** Starting master server on localhost 28787 at Thu Jun 18 16:06:29 2015 ***
reloading master.cfg
could not read "master.cfg"
*** Starting master server on localhost 28787 at Fri Jun 19 21:03:34 2015 ***
reloading master.cfg
could not read "master.cfg"
*** Starting master server on localhost 28787 at Sat Jun 20 20:58:17 2015 ***
reloading master.cfg
could not read "master.cfg"
*** Starting master server on localhost 28787 at Sun Jun 21 21:02:23 2015 ***
reloading master.cfg
could not read "master.cfg"
*** Starting master server on localhost 28787 at Tue Jun 23 17:43:58 2015 ***
reloading master.cfg
could not read "master.cfg"
*** Starting master server on localhost 28787 at Tue Jun 23 19:33:49 2015 ***
reloading master.cfg
could not read "master.cfg"
*** Starting master server on localhost 28787 at Tue Jun 23 21:16:02 2015 ***
reloading master.cfg
could not read "master.cfg"
*** Starting master server on localhost 28787 at Wed Jun 24 07:23:47 2015 ***
reloading master.cfg
could not read "master.cfg"
*** Starting master server on localhost 28787 at Wed Jun 24 16:42:24 2015 ***
reloading master.cfg
could not read "master.cfg"
*** Starting master server on localhost 28787 at Wed Jun 24 20:45:48 2015 ***
reloading master.cfg
could not read "master.cfg"
*** Starting master server on localhost 28787 at Sat Jul  4 13:39:39 2015 ***
reloading master.cfg
could not read "master.cfg"
*** Starting master server on localhost 28787 at Sun Jul  5 16:36:22 2015 ***
reloading master.cfg
could not read "master.cfg"
*** Starting master server on localhost 28787 at Tue Jul  7 15:05:16 2015 ***
reloading master.cfg
could not read "master.cfg"
*** Starting master server on localhost 28787 at Wed Jul  8 17:05:34 2015 ***
reloading master.cfg
could not read "master.cfg"
*** Starting master server on localhost 28787 at Wed Jul  8 21:02:09 2015 ***
reloading master.cfg
could not read "master.cfg"
*** Starting master server on localhost 28787 at Sat Jul 11 11:26:48 2015 ***
reloading master.cfg
could not read "master.cfg"
*** Starting master server on localhost 28787 at Sat Jul 11 17:02:31 2015 ***
reloading master.cfg
could not read "master.cfg"
*** Starting master server on localhost 28787 at Sun Jul 12 20:32:34 2015 ***
reloading master.cfg
could not read "master.cfg"
*** Starting master server on localhost 28787 at Mon Jul 13 21:00:48 2015 ***
reloading master.cfg
could not read "master.cfg"
*** Starting master server on localhost 28787 at Mon Jul 13 21:06:10 2015 ***
reloading master.cfg
could not read "master.cfg"
